<?xml version="1.0" encoding="UTF-8"?>
<testsuite name="| &quot;Juan Valdez&quot; | &quot;Tech TI &quot; | &quot;3005458538&quot; | &quot;Cambio teclado Prueba&quot; |" tests="8" skipped="5" failures="2" errors="0" timestamp="2016-03-14T15:52:36" hostname="Yosimar-Valega" time="6.159">
  <properties/>
  <testcase name="Given el usuario ingresa a index.xhtml" classname="| &quot;Juan Valdez&quot; | &quot;Tech TI &quot; | &quot;3005458538&quot; | &quot;Cambio teclado Prueba&quot; |" time="0.002"/>
  <testcase name="When el usuario ingresa nombre &quot;Juan Valdez&quot;" classname="| &quot;Juan Valdez&quot; | &quot;Tech TI &quot; | &quot;3005458538&quot; | &quot;Cambio teclado Prueba&quot; |" time="0.009">
    <failure message="org.openqa.selenium.WebDriverException: chrome not reachable&#10;  (Session info: chrome=48.0.2564.116)&#10;  (Driver info: chromedriver=2.9.248315,platform=Windows NT 6.1 SP1 x86_64) (WARNING: The server did not provide any stacktrace information)&#10;Command duration or timeout: 2.01 seconds&#10;Build info: version: '2.32.0', revision: '6c40c187d01409a5dc3b7f8251859150c8af0bcb', time: '2013-04-09 10:39:28'&#10;System info: os.name: 'Windows 7', os.arch: 'amd64', os.version: '6.1', java.version: '1.7.0_79'&#10;Session ID: 4a82377b367c3cc98f6f485b52da762d&#10;Driver info: org.openqa.selenium.chrome.ChromeDriver&#10;Capabilities [{platform=XP, acceptSslCerts=true, javascriptEnabled=true, browserName=chrome, chrome={userDataDir=C:\Users\YOSIMA~1.VAL\AppData\Local\Temp\scoped_dir2020_15958}, rotatable=false, locationContextEnabled=true, version=48.0.2564.116, takesHeapSnapshot=true, cssSelectorsEnabled=true, databaseEnabled=false, handlesAlerts=true, browserConnectionEnabled=false, webStorageEnabled=true, nativeEvents=true, applicationCacheEnabled=false, takesScreenshot=true}]" type="org.openqa.selenium.WebDriverException">org.openqa.selenium.WebDriverException: chrome not reachable
  (Session info: chrome=48.0.2564.116)
  (Driver info: chromedriver=2.9.248315,platform=Windows NT 6.1 SP1 x86_64) (WARNING: The server did not provide any stacktrace information)
Command duration or timeout: 2.01 seconds
Build info: version: '2.32.0', revision: '6c40c187d01409a5dc3b7f8251859150c8af0bcb', time: '2013-04-09 10:39:28'
System info: os.name: 'Windows 7', os.arch: 'amd64', os.version: '6.1', java.version: '1.7.0_79'
Session ID: 4a82377b367c3cc98f6f485b52da762d
Driver info: org.openqa.selenium.chrome.ChromeDriver
Capabilities [{platform=XP, acceptSslCerts=true, javascriptEnabled=true, browserName=chrome, chrome={userDataDir=C:\Users\YOSIMA~1.VAL\AppData\Local\Temp\scoped_dir2020_15958}, rotatable=false, locationContextEnabled=true, version=48.0.2564.116, takesHeapSnapshot=true, cssSelectorsEnabled=true, databaseEnabled=false, handlesAlerts=true, browserConnectionEnabled=false, webStorageEnabled=true, nativeEvents=true, applicationCacheEnabled=false, takesScreenshot=true}]
	at sun.reflect.NativeConstructorAccessorImpl.newInstance0(Native Method)
	at sun.reflect.NativeConstructorAccessorImpl.newInstance(NativeConstructorAccessorImpl.java:57)
	at sun.reflect.DelegatingConstructorAccessorImpl.newInstance(DelegatingConstructorAccessorImpl.java:45)
	at java.lang.reflect.Constructor.newInstance(Constructor.java:526)
	at org.openqa.selenium.remote.ErrorHandler.createThrowable(ErrorHandler.java:187)
	at org.openqa.selenium.remote.ErrorHandler.throwIfResponseFailed(ErrorHandler.java:145)
	at org.openqa.selenium.remote.RemoteWebDriver.execute(RemoteWebDriver.java:554)
	at org.openqa.selenium.remote.RemoteWebDriver.findElement(RemoteWebDriver.java:307)
	at org.openqa.selenium.remote.RemoteWebDriver.findElementById(RemoteWebDriver.java:348)
	at org.openqa.selenium.By$ById.findElement(By.java:216)
	at org.openqa.selenium.remote.RemoteWebDriver.findElement(RemoteWebDriver.java:299)
	at org.openqa.selenium.support.ui.ExpectedConditions.findElement(ExpectedConditions.java:523)
	at org.openqa.selenium.support.ui.ExpectedConditions.access$000(ExpectedConditions.java:39)
	at org.openqa.selenium.support.ui.ExpectedConditions$4.apply(ExpectedConditions.java:130)
	at org.openqa.selenium.support.ui.ExpectedConditions$4.apply(ExpectedConditions.java:126)
	at org.openqa.selenium.support.ui.FluentWait.until(FluentWait.java:208)
	at com.test.gui.feature.Prueba.el_usuario_ingresa_nombre(Prueba.java:36)
	at ✽.When el usuario ingresa nombre &quot;Juan Valdez&quot;(src/test/java/com/test/gui/feature/Test.feature:7)
</failure>
  </testcase>
  <testcase name="And se ingresa la ubicacion &quot;Tech TI &quot;" classname="| &quot;Juan Valdez&quot; | &quot;Tech TI &quot; | &quot;3005458538&quot; | &quot;Cambio teclado Prueba&quot; |" time="0.0">
    <skipped/>
  </testcase>
  <testcase name="And se ingresa el telefono &quot;3005458538&quot;" classname="| &quot;Juan Valdez&quot; | &quot;Tech TI &quot; | &quot;3005458538&quot; | &quot;Cambio teclado Prueba&quot; |" time="0.0">
    <skipped/>
  </testcase>
  <testcase name="And se ingresa la descripcion &quot;Cambio teclado Prueba&quot;" classname="| &quot;Juan Valdez&quot; | &quot;Tech TI &quot; | &quot;3005458538&quot; | &quot;Cambio teclado Prueba&quot; |" time="0.0">
    <skipped/>
  </testcase>
  <testcase name="And presiona el boton enviar correo" classname="| &quot;Juan Valdez&quot; | &quot;Tech TI &quot; | &quot;3005458538&quot; | &quot;Cambio teclado Prueba&quot; |" time="0.0">
    <skipped/>
  </testcase>
  <testcase name="Then se muestra mensaje de envio" classname="| &quot;Juan Valdez&quot; | &quot;Tech TI &quot; | &quot;3005458538&quot; | &quot;Cambio teclado Prueba&quot; |" time="0.0">
    <skipped/>
  </testcase>
  <testcase name="classMethod" classname="| &quot;Juan Valdez&quot; | &quot;Tech TI &quot; | &quot;3005458538&quot; | &quot;Cambio teclado Prueba&quot; |" time="24.226">
    <failure message="org.openqa.selenium.WebDriverException: chrome not reachable&#10;  (Session info: chrome=48.0.2564.116)&#10;  (Driver info: chromedriver=2.9.248315,platform=Windows NT 6.1 SP1 x86_64) (WARNING: The server did not provide any stacktrace information)&#10;Command duration or timeout: 2.01 seconds&#10;Build info: version: '2.32.0', revision: '6c40c187d01409a5dc3b7f8251859150c8af0bcb', time: '2013-04-09 10:39:28'&#10;System info: os.name: 'Windows 7', os.arch: 'amd64', os.version: '6.1', java.version: '1.7.0_79'&#10;Session ID: 4a82377b367c3cc98f6f485b52da762d&#10;Driver info: org.openqa.selenium.chrome.ChromeDriver&#10;Capabilities [{platform=XP, acceptSslCerts=true, javascriptEnabled=true, browserName=chrome, chrome={userDataDir=C:\Users\YOSIMA~1.VAL\AppData\Local\Temp\scoped_dir2020_15958}, rotatable=false, locationContextEnabled=true, version=48.0.2564.116, takesHeapSnapshot=true, cssSelectorsEnabled=true, databaseEnabled=false, handlesAlerts=true, browserConnectionEnabled=false, webStorageEnabled=true, nativeEvents=true, applicationCacheEnabled=false, takesScreenshot=true}]" type="org.openqa.selenium.WebDriverException">org.openqa.selenium.WebDriverException: chrome not reachable
  (Session info: chrome=48.0.2564.116)
  (Driver info: chromedriver=2.9.248315,platform=Windows NT 6.1 SP1 x86_64) (WARNING: The server did not provide any stacktrace information)
Command duration or timeout: 2.01 seconds
Build info: version: '2.32.0', revision: '6c40c187d01409a5dc3b7f8251859150c8af0bcb', time: '2013-04-09 10:39:28'
System info: os.name: 'Windows 7', os.arch: 'amd64', os.version: '6.1', java.version: '1.7.0_79'
Session ID: 4a82377b367c3cc98f6f485b52da762d
Driver info: org.openqa.selenium.chrome.ChromeDriver
Capabilities [{platform=XP, acceptSslCerts=true, javascriptEnabled=true, browserName=chrome, chrome={userDataDir=C:\Users\YOSIMA~1.VAL\AppData\Local\Temp\scoped_dir2020_15958}, rotatable=false, locationContextEnabled=true, version=48.0.2564.116, takesHeapSnapshot=true, cssSelectorsEnabled=true, databaseEnabled=false, handlesAlerts=true, browserConnectionEnabled=false, webStorageEnabled=true, nativeEvents=true, applicationCacheEnabled=false, takesScreenshot=true}]
	at sun.reflect.NativeConstructorAccessorImpl.newInstance0(Native Method)
	at sun.reflect.NativeConstructorAccessorImpl.newInstance(NativeConstructorAccessorImpl.java:57)
	at sun.reflect.DelegatingConstructorAccessorImpl.newInstance(DelegatingConstructorAccessorImpl.java:45)
	at java.lang.reflect.Constructor.newInstance(Constructor.java:526)
	at org.openqa.selenium.remote.ErrorHandler.createThrowable(ErrorHandler.java:187)
	at org.openqa.selenium.remote.ErrorHandler.throwIfResponseFailed(ErrorHandler.java:145)
	at org.openqa.selenium.remote.RemoteWebDriver.execute(RemoteWebDriver.java:554)
	at org.openqa.selenium.remote.RemoteWebDriver.findElement(RemoteWebDriver.java:307)
	at org.openqa.selenium.remote.RemoteWebDriver.findElementById(RemoteWebDriver.java:348)
	at org.openqa.selenium.By$ById.findElement(By.java:216)
	at org.openqa.selenium.remote.RemoteWebDriver.findElement(RemoteWebDriver.java:299)
	at org.openqa.selenium.support.ui.ExpectedConditions.findElement(ExpectedConditions.java:523)
	at org.openqa.selenium.support.ui.ExpectedConditions.access$000(ExpectedConditions.java:39)
	at org.openqa.selenium.support.ui.ExpectedConditions$4.apply(ExpectedConditions.java:130)
	at org.openqa.selenium.support.ui.ExpectedConditions$4.apply(ExpectedConditions.java:126)
	at org.openqa.selenium.support.ui.FluentWait.until(FluentWait.java:208)
	at com.test.gui.feature.Prueba.el_usuario_ingresa_nombre(Prueba.java:36)
	at ✽.When el usuario ingresa nombre &quot;Juan Valdez&quot;(src/test/java/com/test/gui/feature/Test.feature:7)
</failure>
  </testcase>
  <system-out><![CDATA[]]></system-out>
  <system-err><![CDATA[Starting ChromeDriver (v2.9.248315) on port 35930
]]></system-err>
</testsuite>
